<?xml version="1.0" encoding="UTF-8"?>
<!-- Generated by org.testng.reporters.JUnitXMLReporter -->
<testsuite hostname="DIN86000837" ignored="1" name="RegressionTestCases" tests="1" failures="1" timestamp="10 Apr 2018 15:23:21 GMT" time="0.031" errors="0">
  <testcase name="findBrokenImages" time="0.016" classname="testCases.Grouping">
    <failure type="java.lang.NullPointerException">
      <![CDATA[java.lang.NullPointerException
	at testCases.Grouping.findBrokenImages(Grouping.java:29)
... Removed 25 stack frames]]>
    </failure>
  </testcase> <!-- findBrokenImages -->
  <testcase name="Checkbox" time="0.0" classname="testCases.Grouping">
    <ignored/>
  </testcase> <!-- Checkbox -->
</testsuite> <!-- RegressionTestCases -->
